#
# There is insufficient memory for the Java Runtime Environment to continue.
# Native memory allocation (mmap) failed to map 266338304 bytes for G1 virtual space
# Possible reasons:
#   The system is out of physical RAM or swap space
#   The process is running with CompressedOops enabled, and the Java Heap may be blocking the growth of the native heap
# Possible solutions:
#   Reduce memory load on the system
#   Increase physical memory or swap space
#   Check if swap backing store is full
#   Decrease Java heap size (-Xmx/-Xms)
#   Decrease number of Java threads
#   Decrease Java thread stack sizes (-Xss)
#   Set larger code cache with -XX:ReservedCodeCacheSize=
#   JVM is running with Zero Based Compressed Oops mode in which the Java heap is
#     placed in the first 32GB address space. The Java Heap base address is the
#     maximum limit for the native heap growth. Please use -XX:HeapBaseMinAddress
#     to set the Java Heap base and to place the Java Heap above 32GB virtual address.
# This output file may be truncated or incomplete.
#
#  Out of Memory Error (os_windows.cpp:3557), pid=122548, tid=117432
#
# JRE version:  (17.0.6+10) (build )
# Java VM: OpenJDK 64-Bit Server VM (17.0.6+10, mixed mode, sharing, tiered, compressed oops, compressed class ptrs, g1 gc, windows-amd64)
# No core dump will be written. Minidumps are not enabled by default on client versions of Windows
#

---------------  S U M M A R Y ------------

Command Line: -Dfile.encoding=UTF-8 -XX:+ShowCodeDetailsInExceptionMessages bank.management.system.Deposit

Host: Intel(R) Core(TM) i7-8750H CPU @ 2.20GHz, 12 cores, 15G,  Windows 10 , 64 bit Build 19041 (10.0.19041.1889)
Time: Tue Mar 21 15:09:45 2023 Eastern Daylight Time elapsed time: 0.009928 seconds (0d 0h 0m 0s)

---------------  T H R E A D  ---------------

Current thread (0x00000205317296e0):  JavaThread "Unknown thread" [_thread_in_vm, id=117432, stack(0x000000dd5e800000,0x000000dd5e900000)]

Stack: [0x000000dd5e800000,0x000000dd5e900000]
Native frames: (J=compiled Java code, j=interpreted, Vv=VM code, C=native code)
V  [jvm.dll+0x67741a]
V  [jvm.dll+0x834434]
V  [jvm.dll+0x835bde]
V  [jvm.dll+0x836243]
V  [jvm.dll+0x2457b5]
V  [jvm.dll+0x674329]
V  [jvm.dll+0x6689da]
V  [jvm.dll+0x30489b]
V  [jvm.dll+0x30bd96]
V  [jvm.dll+0x35b57e]
V  [jvm.dll+0x35b7af]
V  [jvm.dll+0x2db778]
V  [jvm.dll+0x2dc6e4]
V  [jvm.dll+0x806131]
V  [jvm.dll+0x369331]
V  [jvm.dll+0x7e56ac]
V  [jvm.dll+0x3eb35f]
V  [jvm.dll+0x3ecea1]
C  [jli.dll+0x5267]
C  [ucrtbase.dll+0x21bb2]
C  [KERNEL32.DLL+0x17034]
C  [ntdll.dll+0x526a1]


---------------  P R O C E S S  ---------------

Threads class SMR info:
_java_thread_list=0x00007ff8f0205fd8, length=0, elements={
}

Java Threads: ( => current thread )

Other Threads:
  0x0000020531793640 GCTaskThread "GC Thread#0" [stack: 0x000000dd5e900000,0x000000dd5ea00000] [id=124084]
  0x00000205317a4a20 ConcurrentGCThread "G1 Main Marker" [stack: 0x000000dd5ea00000,0x000000dd5eb00000] [id=98276]
  0x00000205317a5430 ConcurrentGCThread "G1 Conc#0" [stack: 0x000000dd5eb00000,0x000000dd5ec00000] [id=123712]

[error occurred during error reporting (printing all threads), id 0xc0000005, EXCEPTION_ACCESS_VIOLATION (0xc0000005) at pc=0x00007ff8ef9dc1e7]

VM state: not at safepoint (not fully initialized)

VM Mutex/Monitor currently owned by a thread:  ([mutex/lock_event])
[0x0000020531723bb0] Heap_lock - owner thread: 0x00000205317296e0

Heap address: 0x0000000703000000, size: 4048 MB, Compressed Oops mode: Zero based, Oop shift amount: 3

CDS archive(s) mapped at: [0x0000000000000000-0x0000000000000000-0x0000000000000000), size 0, SharedBaseAddress: 0x0000000800000000, ArchiveRelocationMode: 0.
Narrow klass base: 0x0000000000000000, Narrow klass shift: 0, Narrow klass range: 0x0

GC Precious Log:
<Empty>

Heap:
 garbage-first heap   total 0K, used 0K [0x0000000703000000, 0x0000000800000000)
  region size 2048K, 0 young (0K), 0 survivors (0K)

[error occurred during error reporting (printing heap information), id 0xc0000005, EXCEPTION_ACCESS_VIOLATION (0xc0000005) at pc=0x00007ff8efdc06f9]

GC Heap History (0 events):
No events

Dll operation events (1 events):
Event: 0.007 Loaded shared library C:\Users\my394\.p2\pool\plugins\org.eclipse.justj.openjdk.hotspot.jre.full.win32.x86_64_17.0.6.v20230204-1729\jre\bin\java.dll

Deoptimization events (0 events):
No events

Classes unloaded (0 events):
No events

Classes redefined (0 events):
No events

Internal exceptions (0 events):
No events

VM Operations (0 events):
No events

Events (0 events):
No events


Dynamic libraries:
0x00007ff69ce00000 - 0x00007ff69ce0e000 	C:\Users\my394\.p2\pool\plugins\org.eclipse.justj.openjdk.hotspot.jre.full.win32.x86_64_17.0.6.v20230204-1729\jre\bin\javaw.exe
0x00007ff945950000 - 0x00007ff945b48000 	C:\Windows\SYSTEM32\ntdll.dll
0x00007ff945570000 - 0x00007ff94562d000 	C:\Windows\System32\KERNEL32.DLL
0x00007ff943070000 - 0x00007ff94333e000 	C:\Windows\System32\KERNELBASE.dll
0x00007ff93f6e0000 - 0x00007ff93f770000 	C:\Windows\SYSTEM32\apphelp.dll
0x00007ff943650000 - 0x00007ff943750000 	C:\Windows\System32\ucrtbase.dll
0x00007ff920f10000 - 0x00007ff920f27000 	C:\Users\my394\.p2\pool\plugins\org.eclipse.justj.openjdk.hotspot.jre.full.win32.x86_64_17.0.6.v20230204-1729\jre\bin\jli.dll
0x00007ff920ef0000 - 0x00007ff920f09000 	C:\Users\my394\.p2\pool\plugins\org.eclipse.justj.openjdk.hotspot.jre.full.win32.x86_64_17.0.6.v20230204-1729\jre\bin\VCRUNTIME140.dll
0x00007ff9451c0000 - 0x00007ff945360000 	C:\Windows\System32\USER32.dll
0x00007ff943980000 - 0x00007ff9439a2000 	C:\Windows\System32\win32u.dll
0x00007ff9284d0000 - 0x00007ff92876a000 	C:\Windows\WinSxS\amd64_microsoft.windows.common-controls_6595b64144ccf1df_6.0.19041.1110_none_60b5254171f9507e\COMCTL32.dll
0x00007ff9454e0000 - 0x00007ff94550a000 	C:\Windows\System32\GDI32.dll
0x00007ff944b30000 - 0x00007ff944bce000 	C:\Windows\System32\msvcrt.dll
0x00007ff943540000 - 0x00007ff94364b000 	C:\Windows\System32\gdi32full.dll
0x00007ff943340000 - 0x00007ff9433dd000 	C:\Windows\System32\msvcp_win.dll
0x00007ff945730000 - 0x00007ff945760000 	C:\Windows\System32\IMM32.DLL
0x00007ff93cb70000 - 0x00007ff93cb7c000 	C:\Users\my394\.p2\pool\plugins\org.eclipse.justj.openjdk.hotspot.jre.full.win32.x86_64_17.0.6.v20230204-1729\jre\bin\vcruntime140_1.dll
0x00007ff917c70000 - 0x00007ff917d01000 	C:\Users\my394\.p2\pool\plugins\org.eclipse.justj.openjdk.hotspot.jre.full.win32.x86_64_17.0.6.v20230204-1729\jre\bin\msvcp140.dll
0x00007ff8ef6f0000 - 0x00007ff8f0337000 	C:\Users\my394\.p2\pool\plugins\org.eclipse.justj.openjdk.hotspot.jre.full.win32.x86_64_17.0.6.v20230204-1729\jre\bin\server\jvm.dll
0x00007ff943a10000 - 0x00007ff943abe000 	C:\Windows\System32\ADVAPI32.dll
0x00007ff945440000 - 0x00007ff9454dc000 	C:\Windows\System32\sechost.dll
0x00007ff944a00000 - 0x00007ff944b25000 	C:\Windows\System32\RPCRT4.dll
0x00007ff93f9e0000 - 0x00007ff93f9e9000 	C:\Windows\SYSTEM32\WSOCK32.dll
0x00007ff9453c0000 - 0x00007ff94542b000 	C:\Windows\System32\WS2_32.dll
0x00007ff928260000 - 0x00007ff928287000 	C:\Windows\SYSTEM32\WINMM.dll
0x00007ff93add0000 - 0x00007ff93adda000 	C:\Windows\SYSTEM32\VERSION.dll
0x00007ff940ff0000 - 0x00007ff941002000 	C:\Windows\SYSTEM32\kernel.appcore.dll
0x00007ff931a00000 - 0x00007ff931a0a000 	C:\Users\my394\.p2\pool\plugins\org.eclipse.justj.openjdk.hotspot.jre.full.win32.x86_64_17.0.6.v20230204-1729\jre\bin\jimage.dll
0x00007ff940d10000 - 0x00007ff940ef4000 	C:\Windows\SYSTEM32\DBGHELP.DLL
0x00007ff929fb0000 - 0x00007ff929fdc000 	C:\Windows\SYSTEM32\dbgcore.DLL
0x00007ff9438f0000 - 0x00007ff943972000 	C:\Windows\System32\bcryptPrimitives.dll
0x00007ff924840000 - 0x00007ff924865000 	C:\Users\my394\.p2\pool\plugins\org.eclipse.justj.openjdk.hotspot.jre.full.win32.x86_64_17.0.6.v20230204-1729\jre\bin\java.dll

dbghelp: loaded successfully - version: 4.0.5 - missing functions: none
symbol engine: initialized successfully - sym options: 0x614 - pdb path: .;C:\Users\my394\.p2\pool\plugins\org.eclipse.justj.openjdk.hotspot.jre.full.win32.x86_64_17.0.6.v20230204-1729\jre\bin;C:\Windows\SYSTEM32;C:\Windows\WinSxS\amd64_microsoft.windows.common-controls_6595b64144ccf1df_6.0.19041.1110_none_60b5254171f9507e;C:\Users\my394\.p2\pool\plugins\org.eclipse.justj.openjdk.hotspot.jre.full.win32.x86_64_17.0.6.v20230204-1729\jre\bin\server

VM Arguments:
jvm_args: -Dfile.encoding=UTF-8 -XX:+ShowCodeDetailsInExceptionMessages 
java_command: bank.management.system.Deposit
java_class_path (initial): D:\Github\BankManagementSystem\bin;D:\Github\BankManagementSystem\lib\jcalendar-1.4.jar;D:\Github\BankManagementSystem\lib\jgoodies-common-1.2.0.jar;D:\Github\BankManagementSystem\lib\jgoodies-looks-2.4.1.jar;D:\Github\BankManagementSystem\lib\junit-4.6.jar;D:\Github\BankManagementSystem\lib\mysql-connector-j-8.0.32.jar
Launcher Type: SUN_STANDARD

[Global flags]
     intx CICompilerCount                          = 4                                         {product} {ergonomic}
     uint ConcGCThreads                            = 3                                         {product} {ergonomic}
     uint G1ConcRefinementThreads                  = 10                                        {product} {ergonomic}
   size_t G1HeapRegionSize                         = 2097152                                   {product} {ergonomic}
    uintx GCDrainStackTargetSize                   = 64                                        {product} {ergonomic}
   size_t InitialHeapSize                          = 266338304                                 {product} {ergonomic}
   size_t MarkStackSize                            = 4194304                                   {product} {ergonomic}
   size_t MaxHeapSize                              = 4244635648                                {product} {ergonomic}
   size_t MinHeapDeltaBytes                        = 2097152                                   {product} {ergonomic}
   size_t MinHeapSize                              = 8388608                                   {product} {ergonomic}
    uintx NonNMethodCodeHeapSize                   = 5839372                                {pd product} {ergonomic}
    uintx NonProfiledCodeHeapSize                  = 122909434                              {pd product} {ergonomic}
    uintx ProfiledCodeHeapSize                     = 122909434                              {pd product} {ergonomic}
    uintx ReservedCodeCacheSize                    = 251658240                              {pd product} {ergonomic}
     bool SegmentedCodeCache                       = true                                      {product} {ergonomic}
     bool ShowCodeDetailsInExceptionMessages       = true                                   {manageable} {command line}
   size_t SoftMaxHeapSize                          = 4244635648                             {manageable} {ergonomic}
     bool UseCompressedClassPointers               = true                           {product lp64_product} {ergonomic}
     bool UseCompressedOops                        = true                           {product lp64_product} {ergonomic}
     bool UseG1GC                                  = true                                      {product} {ergonomic}
     bool UseLargePagesIndividualAllocation        = false                                  {pd product} {ergonomic}

Logging:
Log output configuration:
 #0: stdout all=warning uptime,level,tags
 #1: stderr all=off uptime,level,tags

Environment Variables:
PATH=C:/Users/my394/.p2/pool/plugins/org.eclipse.justj.openjdk.hotspot.jre.full.win32.x86_64_17.0.6.v20230204-1729/jre/bin/server;C:/Users/my394/.p2/pool/plugins/org.eclipse.justj.openjdk.hotspot.jre.full.win32.x86_64_17.0.6.v20230204-1729/jre/bin;C:\Program Files\Common Files\Oracle\Java\javapath;C:\Windows\system32;C:\Windows;C:\Windows\System32\Wbem;C:\Windows\System32\WindowsPowerShell\v1.0\;C:\Windows\System32\OpenSSH\;C:\Program Files\MySQL\MySQL Shell 8.0\bin\;C:\Users\my394\AppData\Local\Microsoft\WindowsApps;C:\Users\my394\AppData\Local\GitHubDesktop\bin;C:\Windows\system32;
USERNAME=my394
OS=Windows_NT
PROCESSOR_IDENTIFIER=Intel64 Family 6 Model 158 Stepping 10, GenuineIntel
TMP=C:\Users\my394\AppData\Local\Temp
TEMP=C:\Users\my394\AppData\Local\Temp



---------------  S Y S T E M  ---------------

OS:
 Windows 10 , 64 bit Build 19041 (10.0.19041.1889)
OS uptime: 1 days 14:05 hours

CPU: total 12 (initial active 12) (6 cores per cpu, 2 threads per core) family 6 model 158 stepping 10 microcode 0xb4, cx8, cmov, fxsr, ht, mmx, 3dnowpref, sse, sse2, sse3, ssse3, sse4.1, sse4.2, popcnt, lzcnt, tsc, tscinvbit, avx, avx2, aes, erms, clmul, bmi1, bmi2, adx, fma, vzeroupper, clflush, clflushopt

Memory: 4k page, system-wide physical 16190M (1858M free)
TotalPageFile size 65334M (AvailPageFile size 36M)
current process WorkingSet (physical memory assigned to process): 11M, peak: 11M
current process commit charge ("private bytes"): 64M, peak: 318M

vm_info: OpenJDK 64-Bit Server VM (17.0.6+10) for windows-amd64 JRE (17.0.6+10), built on Jan 18 2023 10:08:59 by "temurin" with MS VC++ 16.7 (VS2019)

END.
